TN:
SF:src/i18n/messages.ts
FN:215,getMessages
FN:225,t
FNF:2
FNH:0
FNDA:0,getMessages
FNDA:0,t
DA:73,0
DA:215,0
DA:216,0
DA:225,0
DA:226,0
DA:227,0
DA:230,0
LF:7
LH:0
BRDA:216,0,0,0
BRDA:216,0,1,0
BRF:2
BRH:0
end_of_record
TN:
SF:src/lib/utils.ts
FN:4,cn
FNF:1
FNH:0
FNDA:0,cn
DA:1,0
DA:2,0
DA:4,0
DA:5,0
LF:4
LH:0
BRF:0
BRH:0
end_of_record
TN:
SF:src/utils/pdf.ts
FN:14,generatePDF
FN:34,(anonymous_1)
FN:81,(anonymous_2)
FN:153,(anonymous_3)
FN:205,getSeverityTranslation
FNF:5
FNH:0
FNDA:0,generatePDF
FNDA:0,(anonymous_1)
FNDA:0,(anonymous_2)
FNDA:0,(anonymous_3)
FNDA:0,getSeverityTranslation
DA:6,0
DA:14,0
DA:15,0
DA:16,0
DA:17,0
DA:21,0
DA:27,0
DA:28,0
DA:29,0
DA:30,0
DA:31,0
DA:34,0
DA:35,0
DA:36,0
DA:37,0
DA:38,0
DA:40,0
DA:44,0
DA:45,0
DA:46,0
DA:52,0
DA:55,0
DA:56,0
DA:57,0
DA:58,0
DA:63,0
DA:69,0
DA:72,0
DA:73,0
DA:74,0
DA:75,0
DA:77,0
DA:78,0
DA:80,0
DA:81,0
DA:82,0
DA:83,0
DA:84,0
DA:86,0
DA:87,0
DA:88,0
DA:89,0
DA:90,0
DA:91,0
DA:93,0
DA:94,0
DA:99,0
DA:104,0
DA:107,0
DA:110,0
DA:111,0
DA:112,0
DA:113,0
DA:116,0
DA:117,0
DA:118,0
DA:119,0
DA:122,0
DA:123,0
DA:124,0
DA:125,0
DA:126,0
DA:129,0
DA:130,0
DA:131,0
DA:132,0
DA:133,0
DA:134,0
DA:135,0
DA:137,0
DA:138,0
DA:139,0
DA:140,0
DA:141,0
DA:142,0
DA:145,0
DA:146,0
DA:147,0
DA:150,0
DA:151,0
DA:153,0
DA:154,0
DA:156,0
DA:157,0
DA:158,0
DA:165,0
DA:166,0
DA:167,0
DA:169,0
DA:170,0
DA:171,0
DA:172,0
DA:175,0
DA:176,0
DA:178,0
DA:182,0
DA:183,0
DA:184,0
DA:185,0
DA:195,0
DA:196,0
DA:199,0
DA:206,0
DA:207,0
DA:208,0
DA:209,0
DA:210,0
DA:211,0
DA:212,0
DA:213,0
DA:216,0
LF:111
LH:0
BRDA:14,0,0,0
BRDA:15,1,0,0
BRDA:15,1,1,0
BRDA:16,2,0,0
BRDA:16,2,1,0
BRDA:34,3,0,0
BRDA:35,4,0,0
BRDA:35,4,1,0
BRDA:47,5,0,0
BRDA:47,5,1,0
BRDA:64,6,0,0
BRDA:64,6,1,0
BRDA:74,7,0,0
BRDA:74,7,1,0
BRDA:86,8,0,0
BRDA:86,8,1,0
BRDA:88,9,0,0
BRDA:88,9,1,0
BRDA:90,10,0,0
BRDA:90,10,1,0
BRDA:93,11,0,0
BRDA:93,11,1,0
BRDA:94,12,0,0
BRDA:94,12,1,0
BRDA:96,13,0,0
BRDA:96,13,1,0
BRDA:100,14,0,0
BRDA:100,14,1,0
BRDA:100,15,0,0
BRDA:100,15,1,0
BRDA:113,16,0,0
BRDA:113,16,1,0
BRDA:125,17,0,0
BRDA:125,17,1,0
BRDA:138,18,0,0
BRDA:138,18,1,0
BRDA:139,19,0,0
BRDA:139,19,1,0
BRDA:140,20,0,0
BRDA:140,20,1,0
BRDA:141,21,0,0
BRDA:141,21,1,0
BRDA:186,22,0,0
BRDA:186,22,1,0
BRDA:206,23,0,0
BRDA:206,23,1,0
BRDA:207,24,0,0
BRDA:207,24,1,0
BRDA:207,24,2,0
BRDA:207,24,3,0
BRDA:207,24,4,0
BRDA:207,24,5,0
BRF:52
BRH:0
end_of_record
TN:
SF:src/utils/resources.ts
FN:32,loadResources
FN:55,getEmergencyResources
FN:69,getAllNZResources
FN:78,getOnlineResources
FN:88,formatPhoneNumber
FN:107,getFallbackResources
FN:154,createTelLink
FN:163,createSmsLink
FNF:8
FNH:0
FNDA:0,loadResources
FNDA:0,getEmergencyResources
FNDA:0,getAllNZResources
FNDA:0,getOnlineResources
FNDA:0,formatPhoneNumber
FNDA:0,getFallbackResources
FNDA:0,createTelLink
FNDA:0,createSmsLink
DA:26,0
DA:32,0
DA:33,0
DA:34,0
DA:37,0
DA:38,0
DA:39,0
DA:40,0
DA:42,0
DA:43,0
DA:45,0
DA:47,0
DA:55,0
DA:56,0
DA:57,0
DA:69,0
DA:70,0
DA:71,0
DA:78,0
DA:79,0
DA:80,0
DA:88,0
DA:90,0
DA:91,0
DA:95,0
DA:96,0
DA:100,0
DA:108,0
DA:154,0
DA:155,0
DA:163,0
DA:164,0
LF:32
LH:0
BRDA:33,0,0,0
BRDA:33,0,1,0
BRDA:39,1,0,0
BRDA:39,1,1,0
BRDA:90,2,0,0
BRDA:90,2,1,0
BRDA:95,3,0,0
BRDA:95,3,1,0
BRF:8
BRH:0
end_of_record
TN:
SF:src/utils/severity.ts
FN:21,getSeverity
FN:40,shouldShowNudge
FN:49,shouldEscalate
FN:58,getSeverityColor
FN:80,getSeverityBgColor
FNF:5
FNH:1
FNDA:102,getSeverity
FNDA:0,shouldShowNudge
FNDA:0,shouldEscalate
FNDA:0,getSeverityColor
FNDA:0,getSeverityBgColor
DA:21,1
DA:22,102
DA:23,28
DA:24,74
DA:25,18
DA:26,56
DA:27,21
DA:28,35
DA:29,17
DA:31,18
DA:40,1
DA:41,0
DA:49,1
DA:50,0
DA:58,1
DA:59,0
DA:61,0
DA:63,0
DA:65,0
DA:67,0
DA:69,0
DA:71,0
DA:80,1
DA:81,0
DA:83,0
DA:85,0
DA:87,0
DA:89,0
DA:91,0
DA:93,0
LF:30
LH:14
BRDA:22,0,0,28
BRDA:22,0,1,74
BRDA:24,1,0,18
BRDA:24,1,1,56
BRDA:26,2,0,21
BRDA:26,2,1,35
BRDA:28,3,0,17
BRDA:28,3,1,18
BRDA:59,4,0,0
BRDA:59,4,1,0
BRDA:59,4,2,0
BRDA:59,4,3,0
BRDA:59,4,4,0
BRDA:59,4,5,0
BRDA:81,5,0,0
BRDA:81,5,1,0
BRDA:81,5,2,0
BRDA:81,5,3,0
BRDA:81,5,4,0
BRDA:81,5,5,0
BRF:20
BRH:8
end_of_record
TN:
SF:src/utils/storage.ts
FN:32,getRecords
FN:48,saveRecord
FN:63,clearRecords
FN:76,getLanguage
FN:89,setLanguage
FN:102,getConsent
FN:117,setConsent
FN:130,clearAllData
FN:145,exportAllData
FNF:9
FNH:8
FNDA:124,getRecords
FNDA:110,saveRecord
FNDA:2,clearRecords
FNDA:8,getLanguage
FNDA:5,setLanguage
FNDA:8,getConsent
FNDA:5,setConsent
FNDA:2,clearAllData
FNDA:0,exportAllData
DA:7,1
DA:32,1
DA:33,124
DA:34,124
DA:35,124
DA:36,114
DA:38,1
DA:39,1
DA:48,1
DA:49,110
DA:50,110
DA:51,110
DA:52,110
DA:54,0
DA:55,0
DA:63,1
DA:64,2
DA:65,2
DA:67,0
DA:68,0
DA:76,1
DA:77,8
DA:78,8
DA:80,0
DA:81,0
DA:89,1
DA:90,5
DA:91,5
DA:93,0
DA:94,0
DA:102,1
DA:103,8
DA:104,8
DA:105,8
DA:106,6
DA:108,0
DA:109,0
DA:117,1
DA:118,5
DA:119,5
DA:121,0
DA:122,0
DA:130,1
DA:131,2
DA:132,2
DA:133,2
DA:134,2
DA:136,0
DA:137,0
DA:145,1
DA:146,0
DA:147,0
DA:148,0
DA:149,0
DA:151,0
DA:158,0
DA:160,0
DA:161,0
LF:58
LH:36
BRDA:35,0,0,10
BRDA:35,0,1,114
BRDA:78,1,0,8
BRDA:78,1,1,2
BRDA:105,2,0,2
BRDA:105,2,1,6
BRF:6
BRH:6
end_of_record
